c:\users\joshua\documents\visual studio 2013\projects\colormirror\colormirror\debug\colormirror.pch
c:\users\joshua\documents\visual studio 2013\projects\colormirror\colormirror\debug\vc120.pdb
c:\users\joshua\documents\visual studio 2013\projects\colormirror\colormirror\debug\vc120.idb
c:\users\joshua\documents\visual studio 2013\projects\colormirror\colormirror\debug\stdafx.obj
c:\users\joshua\documents\visual studio 2013\projects\colormirror\colormirror\debug\colorhistogram.obj
c:\users\joshua\documents\visual studio 2013\projects\colormirror\colormirror\debug\colormirror.obj
c:\users\joshua\documents\visual studio 2013\projects\colormirror\colormirror\debug\swatch.obj
c:\users\joshua\documents\visual studio 2013\projects\colormirror\colormirror\debug\color.obj
c:\users\joshua\documents\visual studio 2013\projects\colormirror\colormirror\debug\generator.obj
c:\users\joshua\documents\visual studio 2013\projects\colormirror\colormirror\debug\colormirror.res
c:\users\joshua\documents\visual studio 2013\projects\colormirror\debug\colormirror.pdb
c:\users\joshua\documents\visual studio 2013\projects\colormirror\colormirror\debug\colormirror.tlog\cl.command.1.tlog
c:\users\joshua\documents\visual studio 2013\projects\colormirror\colormirror\debug\colormirror.tlog\cl.read.1.tlog
c:\users\joshua\documents\visual studio 2013\projects\colormirror\colormirror\debug\colormirror.tlog\cl.write.1.tlog
c:\users\joshua\documents\visual studio 2013\projects\colormirror\colormirror\debug\colormirror.tlog\link-cvtres.read.1.tlog
c:\users\joshua\documents\visual studio 2013\projects\colormirror\colormirror\debug\colormirror.tlog\link-cvtres.write.1.tlog
c:\users\joshua\documents\visual studio 2013\projects\colormirror\colormirror\debug\colormirror.tlog\link-rc.read.1.tlog
c:\users\joshua\documents\visual studio 2013\projects\colormirror\colormirror\debug\colormirror.tlog\link-rc.write.1.tlog
c:\users\joshua\documents\visual studio 2013\projects\colormirror\colormirror\debug\colormirror.tlog\link.command.1.tlog
c:\users\joshua\documents\visual studio 2013\projects\colormirror\colormirror\debug\colormirror.tlog\link.read.1.tlog
c:\users\joshua\documents\visual studio 2013\projects\colormirror\colormirror\debug\colormirror.tlog\link.write.1.tlog
c:\users\joshua\documents\visual studio 2013\projects\colormirror\colormirror\debug\colormirror.tlog\rc.command.1.tlog
c:\users\joshua\documents\visual studio 2013\projects\colormirror\colormirror\debug\colormirror.tlog\rc.read.1.tlog
c:\users\joshua\documents\visual studio 2013\projects\colormirror\colormirror\debug\colormirror.tlog\rc.write.1.tlog
