Build started 6/4/2015 10:19:13 PM.
     1>Project "C:\Users\Joshua\Documents\Visual Studio 2013\Projects\ColorMirror\ColorMirror\ColorMirror.vcxproj" on node 2 (Build target(s)).
     1>ClCompile:
         C:\Program Files (x86)\Microsoft Visual Studio 12.0\VC\bin\CL.exe /c /I"C:\Users\Joshua\Documents\Visual Studio 2013\Projects\ColorMirror\LibCorsairRGB-0.1\include" /Zi /nologo /W3 /WX- /Ox /Oi /Ot /Oy- /GL /D WIN32 /D NDEBUG /D _WINDOWS /D _UNICODE /D UNICODE /Gm- /EHsc /MD /GS /Gy /fp:precise /Zc:wchar_t /Zc:forScope /Yu"stdafx.h" /Fp"Release\ColorMirror.pch" /Fo"Release\\" /Fd"Release\vc120.pdb" /Gd /TP /analyze- /errorReport:prompt ColorMirror.cpp
         ColorMirror.cpp
     1>ColorMirror.cpp(184): warning C4244: 'argument' : conversion from 'unsigned long' to 'unsigned char', possible loss of data
       Link:
         C:\Program Files (x86)\Microsoft Visual Studio 12.0\VC\bin\link.exe /ERRORREPORT:PROMPT /OUT:"C:\Users\Joshua\Documents\Visual Studio 2013\Projects\ColorMirror\Release\ColorMirror.exe" /INCREMENTAL:NO /NOLOGO /LIBPATH:"C:\Users\Joshua\Documents\Visual Studio 2013\Projects\ColorMirror\LibCorsairRGB-0.1\lib" "libusb-1.0.lib" LibCorsairRGB.lib kernel32.lib user32.lib gdi32.lib winspool.lib comdlg32.lib advapi32.lib shell32.lib ole32.lib oleaut32.lib uuid.lib odbc32.lib odbccp32.lib /MANIFEST /MANIFESTUAC:"level='asInvoker' uiAccess='false'" /manifest:embed /DEBUG /PDB:"C:\Users\Joshua\Documents\Visual Studio 2013\Projects\ColorMirror\Release\ColorMirror.pdb" /SUBSYSTEM:CONSOLE /OPT:REF /OPT:ICF /LTCG /TLBID:1 /DYNAMICBASE /NXCOMPAT /IMPLIB:"C:\Users\Joshua\Documents\Visual Studio 2013\Projects\ColorMirror\Release\ColorMirror.lib" /MACHINE:X86 /SAFESEH Release\ColorMirror.res
         Release\ColorMirror.obj
         Release\stdafx.obj
         Generating code
         Finished generating code
         ColorMirror.vcxproj -> C:\Users\Joshua\Documents\Visual Studio 2013\Projects\ColorMirror\Release\ColorMirror.exe
       PostBuildEvent:
         xcopy /y "C:\Users\Joshua\Documents\Visual Studio 2013\Projects\ColorMirror\LibCorsairRGB-0.1\LibCorsairRGB.dll" "C:\Users\Joshua\Documents\Visual Studio 2013\Projects\ColorMirror\Release\"
         :VCEnd
         C:\Users\Joshua\Documents\Visual Studio 2013\Projects\ColorMirror\LibCorsairRGB-0.1\LibCorsairRGB.dll
         1 File(s) copied
     1>Done Building Project "C:\Users\Joshua\Documents\Visual Studio 2013\Projects\ColorMirror\ColorMirror\ColorMirror.vcxproj" (Build target(s)).

Build succeeded.

Time Elapsed 00:00:01.17
